# JRE version: Java(TM) SE Runtime Environment (8.0_171-b11) (build 1.8.0_171-b11)
# Java VM: Java HotSpot(TM) 64-Bit Server VM (25.171-b11 mixed mode windows-amd64 compressed oops)
Heap:
 PSYoungGen      total 71680K, used 15549K [0x00000000d5d80000, 0x00000000dd400000, 0x0000000100000000)
  eden space 66560K, 15% used [0x00000000d5d80000,0x00000000d67b6508,0x00000000d9e80000)
  from space 5120K, 99% used [0x00000000d9e80000,0x00000000da3792e8,0x00000000da380000)
  to   space 14336K, 0% used [0x00000000dc600000,0x00000000dc600000,0x00000000dd400000)
 ParOldGen       total 79872K, used 23271K [0x0000000081800000, 0x0000000086600000, 0x00000000d5d80000)
  object space 79872K, 29% used [0x0000000081800000,0x0000000082eb9e80,0x0000000086600000)
 Metaspace       used 23994K, capacity 24534K, committed 24576K, reserved 1071104K
  class space    used 2859K, capacity 3058K, committed 3072K, reserved 1048576K
GC Heap History (10 events):
Event: 4.829 GC heap before
{Heap before GC invocations=4 (full 0):
 PSYoungGen      total 38400K, used 38392K [0x00000000d5d80000, 0x00000000da880000, 0x0000000100000000)
  eden space 33280K, 100% used [0x00000000d5d80000,0x00000000d7e00000,0x00000000d7e00000)
  from space 5120K, 99% used [0x00000000d7e00000,0x00000000d82fe050,0x00000000d8300000)
  to   space 5120K, 0% used [0x00000000da380000,0x00000000da380000,0x00000000da880000)
 ParOldGen       total 87552K, used 8339K [0x0000000081800000, 0x0000000086d80000, 0x00000000d5d80000)
  object space 87552K, 9% used [0x0000000081800000,0x0000000082024f80,0x0000000086d80000)
 Metaspace       used 15052K, capacity 15318K, committed 15488K, reserved 1062912K
  class space    used 1833K, capacity 1913K, committed 1920K, reserved 1048576K
Event: 4.864 GC heap after
Heap after GC invocations=4 (full 0):
 PSYoungGen      total 71680K, used 5112K [0x00000000d5d80000, 0x00000000da880000, 0x0000000100000000)
  eden space 66560K, 0% used [0x00000000d5d80000,0x00000000d5d80000,0x00000000d9e80000)
  from space 5120K, 99% used [0x00000000da380000,0x00000000da87e030,0x00000000da880000)
  to   space 5120K, 0% used [0x00000000d9e80000,0x00000000d9e80000,0x00000000da380000)
 ParOldGen       total 87552K, used 12929K [0x0000000081800000, 0x0000000086d80000, 0x00000000d5d80000)
  object space 87552K, 14% used [0x0000000081800000,0x00000000824a0490,0x0000000086d80000)
 Metaspace       used 15052K, capacity 15318K, committed 15488K, reserved 1062912K
  class space    used 1833K, capacity 1913K, committed 1920K, reserved 1048576K
}
Event: 6.983 GC heap before
{Heap before GC invocations=5 (full 0):
 PSYoungGen      total 71680K, used 71672K [0x00000000d5d80000, 0x00000000da880000, 0x0000000100000000)
  eden space 66560K, 100% used [0x00000000d5d80000,0x00000000d9e80000,0x00000000d9e80000)
  from space 5120K, 99% used [0x00000000da380000,0x00000000da87e030,0x00000000da880000)
  to   space 5120K, 0% used [0x00000000d9e80000,0x00000000d9e80000,0x00000000da380000)
 ParOldGen       total 87552K, used 12929K [0x0000000081800000, 0x0000000086d80000, 0x00000000d5d80000)
  object space 87552K, 14% used [0x0000000081800000,0x00000000824a0490,0x0000000086d80000)
 Metaspace       used 16625K, capacity 17010K, committed 17280K, reserved 1064960K
  class space    used 1988K, capacity 2091K, committed 2176K, reserved 1048576K
Event: 7.027 GC heap after
Heap after GC invocations=5 (full 0):
 PSYoungGen      total 71680K, used 5096K [0x00000000d5d80000, 0x00000000da880000, 0x0000000100000000)
  eden space 66560K, 0% used [0x00000000d5d80000,0x00000000d5d80000,0x00000000d9e80000)
  from space 5120K, 99% used [0x00000000d9e80000,0x00000000da37a040,0x00000000da380000)
  to   space 5120K, 0% used [0x00000000da380000,0x00000000da380000,0x00000000da880000)
 ParOldGen       total 87552K, used 19950K [0x0000000081800000, 0x0000000086d80000, 0x00000000d5d80000)
  object space 87552K, 22% used [0x0000000081800000,0x0000000082b7b9b8,0x0000000086d80000)
 Metaspace       used 16625K, capacity 17010K, committed 17280K, reserved 1064960K
  class space    used 1988K, capacity 2091K, committed 2176K, reserved 1048576K
}
Event: 9.069 GC heap before
{Heap before GC invocations=6 (full 0):
 PSYoungGen      total 71680K, used 39657K [0x00000000d5d80000, 0x00000000da880000, 0x0000000100000000)
  eden space 66560K, 51% used [0x00000000d5d80000,0x00000000d7f40518,0x00000000d9e80000)
  from space 5120K, 99% used [0x00000000d9e80000,0x00000000da37a040,0x00000000da380000)
  to   space 5120K, 0% used [0x00000000da380000,0x00000000da380000,0x00000000da880000)
 ParOldGen       total 87552K, used 19950K [0x0000000081800000, 0x0000000086d80000, 0x00000000d5d80000)
  object space 87552K, 22% used [0x0000000081800000,0x0000000082b7b9b8,0x0000000086d80000)
 Metaspace       used 20702K, capacity 21174K, committed 21296K, reserved 1069056K
  class space    used 2512K, capacity 2651K, committed 2688K, reserved 1048576K
Event: 9.156 GC heap after
Heap after GC invocations=6 (full 0):
 PSYoungGen      total 71680K, used 5112K [0x00000000d5d80000, 0x00000000da880000, 0x0000000100000000)
  eden space 66560K, 0% used [0x00000000d5d80000,0x00000000d5d80000,0x00000000d9e80000)
  from space 5120K, 99% used [0x00000000da380000,0x00000000da87e030,0x00000000da880000)
  to   space 5120K, 0% used [0x00000000d9e80000,0x00000000d9e80000,0x00000000da380000)
 ParOldGen       total 87552K, used 22562K [0x0000000081800000, 0x0000000086d80000, 0x00000000d5d80000)
  object space 87552K, 25% used [0x0000000081800000,0x0000000082e089c8,0x0000000086d80000)
 Metaspace       used 20702K, capacity 21174K, committed 21296K, reserved 1069056K
  class space    used 2512K, capacity 2651K, committed 2688K, reserved 1048576K
}
Event: 9.156 GC heap before
{Heap before GC invocations=7 (full 1):
 PSYoungGen      total 71680K, used 5112K [0x00000000d5d80000, 0x00000000da880000, 0x0000000100000000)
  eden space 66560K, 0% used [0x00000000d5d80000,0x00000000d5d80000,0x00000000d9e80000)
  from space 5120K, 99% used [0x00000000da380000,0x00000000da87e030,0x00000000da880000)
  to   space 5120K, 0% used [0x00000000d9e80000,0x00000000d9e80000,0x00000000da380000)
 ParOldGen       total 87552K, used 22562K [0x0000000081800000, 0x0000000086d80000, 0x00000000d5d80000)
  object space 87552K, 25% used [0x0000000081800000,0x0000000082e089c8,0x0000000086d80000)
 Metaspace       used 20702K, capacity 21174K, committed 21296K, reserved 1069056K
  class space    used 2512K, capacity 2651K, committed 2688K, reserved 1048576K
Event: 9.505 GC heap after
Heap after GC invocations=7 (full 1):
 PSYoungGen      total 71680K, used 0K [0x00000000d5d80000, 0x00000000da880000, 0x0000000100000000)
  eden space 66560K, 0% used [0x00000000d5d80000,0x00000000d5d80000,0x00000000d9e80000)
  from space 5120K, 0% used [0x00000000da380000,0x00000000da380000,0x00000000da880000)
  to   space 5120K, 0% used [0x00000000d9e80000,0x00000000d9e80000,0x00000000da380000)
 ParOldGen       total 79872K, used 17921K [0x0000000081800000, 0x0000000086600000, 0x00000000d5d80000)
  object space 79872K, 22% used [0x0000000081800000,0x00000000829805a0,0x0000000086600000)
 Metaspace       used 20702K, capacity 21174K, committed 21296K, reserved 1069056K
  class space    used 2512K, capacity 2651K, committed 2688K, reserved 1048576K
}
Event: 12.163 GC heap before
{Heap before GC invocations=8 (full 1):
 PSYoungGen      total 71680K, used 66560K [0x00000000d5d80000, 0x00000000da880000, 0x0000000100000000)
  eden space 66560K, 100% used [0x00000000d5d80000,0x00000000d9e80000,0x00000000d9e80000)
  from space 5120K, 0% used [0x00000000da380000,0x00000000da380000,0x00000000da880000)
  to   space 5120K, 0% used [0x00000000d9e80000,0x00000000d9e80000,0x00000000da380000)
 ParOldGen       total 79872K, used 17921K [0x0000000081800000, 0x0000000086600000, 0x00000000d5d80000)
  object space 79872K, 22% used [0x0000000081800000,0x00000000829805a0,0x0000000086600000)
 Metaspace       used 23978K, capacity 24534K, committed 24576K, reserved 1071104K
  class space    used 2859K, capacity 3058K, committed 3072K, reserved 1048576K
Event: 12.198 GC heap after
Heap after GC invocations=8 (full 1):
 PSYoungGen      total 71680K, used 5092K [0x00000000d5d80000, 0x00000000dd400000, 0x0000000100000000)
  eden space 66560K, 0% used [0x00000000d5d80000,0x00000000d5d80000,0x00000000d9e80000)
  from space 5120K, 99% used [0x00000000d9e80000,0x00000000da3792e8,0x00000000da380000)
  to   space 14336K, 0% used [0x00000000dc600000,0x00000000dc600000,0x00000000dd400000)
 ParOldGen       total 79872K, used 23271K [0x0000000081800000, 0x0000000086600000, 0x00000000d5d80000)
  object space 79872K, 29% used [0x0000000081800000,0x0000000082eb9e80,0x0000000086600000)
 Metaspace       used 23978K, capacity 24534K, committed 24576K, reserved 1071104K
  class space    used 2859K, capacity 3058K, committed 3072K, reserved 1048576K
}

